<?xml version="1.0" encoding="UTF-8"?>
<!-- Generated by org.testng.reporters.JUnitReportReporter -->
<testsuite hostname="Jatin-Mezash-LPT" failures="0" tests="1" name="Amity.Online.TestClass" time="5.235" errors="0" timestamp="2025-02-10T15:58:44 IST" skipped="0">
  <testcase classname="Amity.Online.TestClass" name="checkurl" time="5.235"/>
</testsuite> <!-- Amity.Online.TestClass -->
