<?xml version="1.0" encoding="UTF-8"?>
<!-- Generated by org.testng.reporters.JUnitReportReporter -->
<testsuite hostname="Jatin-Mezash-LPT" failures="0" tests="44" name="Amity.Online.Module1_FunctionalTesting" time="260.433" errors="0" timestamp="2024-10-15T17:36:57 IST" skipped="0">
  <testcase classname="Amity.Online.Module1_FunctionalTesting" name="AmityLogo" time="1.938"/>
  <testcase classname="Amity.Online.Module1_FunctionalTesting" name="ProgramsHeaderButton" time="4.157"/>
  <testcase classname="Amity.Online.Module1_FunctionalTesting" name="CareerServicesHeaderButton" time="4.275"/>
  <testcase classname="Amity.Online.Module1_FunctionalTesting" name="AdvantagesHeaderButton" time="2.629"/>
  <testcase classname="Amity.Online.Module1_FunctionalTesting" name="SearchHeaderButton" time="2.205"/>
  <testcase classname="Amity.Online.Module1_FunctionalTesting" name="CallusHeaderButton" time="4.495"/>
  <testcase classname="Amity.Online.Module1_FunctionalTesting" name="StudentLoginHeaderButton" time="3.931"/>
  <testcase classname="Amity.Online.Module1_FunctionalTesting" name="EnrollNowHeaderButton" time="4.277"/>
  <testcase classname="Amity.Online.Module1_FunctionalTesting" name="ApplyNowHerocardButton" time="7.722"/>
  <testcase classname="Amity.Online.Module1_FunctionalTesting" name="Callusicon" time="8.138"/>
  <testcase classname="Amity.Online.Module1_FunctionalTesting" name="WhatsappIcon" time="5.068"/>
  <testcase classname="Amity.Online.Module1_FunctionalTesting" name="ViewAllButton" time="2.755"/>
  <testcase classname="Amity.Online.Module1_FunctionalTesting" name="RequestAcallButton" time="6.428"/>
  <testcase classname="Amity.Online.Module1_FunctionalTesting" name="ViewAllStayInformed" time="3.519"/>
  <testcase classname="Amity.Online.Module1_FunctionalTesting" name="ViewAllLatestBlog" time="2.839"/>
  <testcase classname="Amity.Online.Module1_FunctionalTesting" name="KnowMore" time="4.887"/>
  <testcase classname="Amity.Online.Module1_FunctionalTesting" name="ApplyNowButtonCTAs" time="8.177"/>
  <testcase classname="Amity.Online.Module1_FunctionalTesting" name="Aboutus" time="9.048"/>
  <testcase classname="Amity.Online.Module1_FunctionalTesting" name="CareerServices" time="6.660"/>
  <testcase classname="Amity.Online.Module1_FunctionalTesting" name="StudentStories" time="6.510"/>
  <testcase classname="Amity.Online.Module1_FunctionalTesting" name="Leadership" time="6.398"/>
  <testcase classname="Amity.Online.Module1_FunctionalTesting" name="Corporate" time="6.656"/>
  <testcase classname="Amity.Online.Module1_FunctionalTesting" name="Contactus" time="7.657"/>
  <testcase classname="Amity.Online.Module1_FunctionalTesting" name="TermsandConditions" time="6.863"/>
  <testcase classname="Amity.Online.Module1_FunctionalTesting" name="StudentSupport" time="8.511"/>
  <testcase classname="Amity.Online.Module1_FunctionalTesting" name="IntellectualProperty" time="11.120"/>
  <testcase classname="Amity.Online.Module1_FunctionalTesting" name="UGCApprovals" time="8.429"/>
  <testcase classname="Amity.Online.Module1_FunctionalTesting" name="Resource" time="8.364"/>
  <testcase classname="Amity.Online.Module1_FunctionalTesting" name="Blog" time="6.425"/>
  <testcase classname="Amity.Online.Module1_FunctionalTesting" name="Media" time="8.487"/>
  <testcase classname="Amity.Online.Module1_FunctionalTesting" name="BachelorofComputerApplications" time="6.067"/>
  <testcase classname="Amity.Online.Module1_FunctionalTesting" name="BCAwithspecializationinCloudandSecurity" time="5.670"/>
  <testcase classname="Amity.Online.Module1_FunctionalTesting" name="BCAwithspecializationinDataAnalytics" time="5.725"/>
  <testcase classname="Amity.Online.Module1_FunctionalTesting" name="BachelorofBusinessAdministration" time="6.267"/>
  <testcase classname="Amity.Online.Module1_FunctionalTesting" name="BachelorofArtsJournalismandMasscommunication" time="5.593"/>
  <testcase classname="Amity.Online.Module1_FunctionalTesting" name="BachelorofCommerce" time="5.564"/>
  <testcase classname="Amity.Online.Module1_FunctionalTesting" name="BachelorofArts" time="5.414"/>
  <testcase classname="Amity.Online.Module1_FunctionalTesting" name="BachelorofArtKannadaMedium" time="5.821"/>
  <testcase classname="Amity.Online.Module1_FunctionalTesting" name="BachelorofArtsMalayalamMedium" time="5.907"/>
  <testcase classname="Amity.Online.Module1_FunctionalTesting" name="BachelorofArtsTamilMedium" time="5.810"/>
  <testcase classname="Amity.Online.Module1_FunctionalTesting" name="BachelorofArtsTeluguMedium" time="6.717"/>
  <testcase classname="Amity.Online.Module1_FunctionalTesting" name="BachelorofArtsHindiMedium" time="5.631"/>
  <testcase classname="Amity.Online.Module1_FunctionalTesting" name="BComwithSpecializationinInternationalFinanceandAccounting" time="5.738"/>
  <testcase classname="Amity.Online.Module1_FunctionalTesting" name="BachelorOfCommerceHonours" time="5.941"/>
</testsuite> <!-- Amity.Online.Module1_FunctionalTesting -->
