<?xml version="1.0" encoding="UTF-8"?>
<!-- Generated by org.testng.reporters.JUnitReportReporter -->
<testsuite hostname="Jatin-Mezash-LPT" failures="0" tests="44" name="Amity.Online.Module1_FunctionalTesting" time="378.338" errors="0" timestamp="2025-02-17T14:14:57 IST" skipped="0">
  <testcase classname="Amity.Online.Module1_FunctionalTesting" name="AmityLogo" time="3.827"/>
  <testcase classname="Amity.Online.Module1_FunctionalTesting" name="ProgramsHeaderButton" time="6.202"/>
  <testcase classname="Amity.Online.Module1_FunctionalTesting" name="CareerServicesHeaderButton" time="6.262"/>
  <testcase classname="Amity.Online.Module1_FunctionalTesting" name="AdvantagesHeaderButton" time="8.786"/>
  <testcase classname="Amity.Online.Module1_FunctionalTesting" name="SearchHeaderButton" time="3.575"/>
  <testcase classname="Amity.Online.Module1_FunctionalTesting" name="CallusHeaderButton" time="6.630"/>
  <testcase classname="Amity.Online.Module1_FunctionalTesting" name="StudentLoginHeaderButton" time="6.181"/>
  <testcase classname="Amity.Online.Module1_FunctionalTesting" name="ApplyNowHeaderButton" time="9.928"/>
  <testcase classname="Amity.Online.Module1_FunctionalTesting" name="ApplyNowHerocardButton" time="10.939"/>
  <testcase classname="Amity.Online.Module1_FunctionalTesting" name="Callusicon" time="10.411"/>
  <testcase classname="Amity.Online.Module1_FunctionalTesting" name="WhatsappIcon" time="8.253"/>
  <testcase classname="Amity.Online.Module1_FunctionalTesting" name="ViewAllButton" time="5.224"/>
  <testcase classname="Amity.Online.Module1_FunctionalTesting" name="RequestAcallButton" time="6.691"/>
  <testcase classname="Amity.Online.Module1_FunctionalTesting" name="ViewAllStayInformed" time="6.802"/>
  <testcase classname="Amity.Online.Module1_FunctionalTesting" name="ViewAllLatestBlog" time="4.958"/>
  <testcase classname="Amity.Online.Module1_FunctionalTesting" name="KnowMore" time="8.885"/>
  <testcase classname="Amity.Online.Module1_FunctionalTesting" name="ApplyNowButtonBlueBanner" time="8.518"/>
  <testcase classname="Amity.Online.Module1_FunctionalTesting" name="Aboutus" time="9.735"/>
  <testcase classname="Amity.Online.Module1_FunctionalTesting" name="CareerServices" time="9.177"/>
  <testcase classname="Amity.Online.Module1_FunctionalTesting" name="StudentStories" time="12.771"/>
  <testcase classname="Amity.Online.Module1_FunctionalTesting" name="Leadership" time="9.330"/>
  <testcase classname="Amity.Online.Module1_FunctionalTesting" name="Corporate" time="10.872"/>
  <testcase classname="Amity.Online.Module1_FunctionalTesting" name="Contactus" time="9.530"/>
  <testcase classname="Amity.Online.Module1_FunctionalTesting" name="PrivacyPolicy" time="9.172"/>
  <testcase classname="Amity.Online.Module1_FunctionalTesting" name="StudentSupport" time="9.093"/>
  <testcase classname="Amity.Online.Module1_FunctionalTesting" name="IntellectualProperty" time="12.438"/>
  <testcase classname="Amity.Online.Module1_FunctionalTesting" name="UGCApprovals" time="9.553"/>
  <testcase classname="Amity.Online.Module1_FunctionalTesting" name="Resource" time="12.280"/>
  <testcase classname="Amity.Online.Module1_FunctionalTesting" name="Blog" time="10.735"/>
  <testcase classname="Amity.Online.Module1_FunctionalTesting" name="Media" time="10.304"/>
  <testcase classname="Amity.Online.Module1_FunctionalTesting" name="BachelorofComputerApplications" time="7.893"/>
  <testcase classname="Amity.Online.Module1_FunctionalTesting" name="BCAwithspecializationinCloudandSecurity" time="8.676"/>
  <testcase classname="Amity.Online.Module1_FunctionalTesting" name="BCAwithspecializationinDataAnalytics" time="8.479"/>
  <testcase classname="Amity.Online.Module1_FunctionalTesting" name="BachelorofBusinessAdministration" time="9.530"/>
  <testcase classname="Amity.Online.Module1_FunctionalTesting" name="BachelorofArtsJournalismandMasscommunication" time="8.549"/>
  <testcase classname="Amity.Online.Module1_FunctionalTesting" name="BachelorofCommerce" time="8.316"/>
  <testcase classname="Amity.Online.Module1_FunctionalTesting" name="BachelorofArts" time="8.344"/>
  <testcase classname="Amity.Online.Module1_FunctionalTesting" name="BachelorofArtKannadaMedium" time="7.052"/>
  <testcase classname="Amity.Online.Module1_FunctionalTesting" name="BachelorofArtsMalayalamMedium" time="8.734"/>
  <testcase classname="Amity.Online.Module1_FunctionalTesting" name="BachelorofArtsTamilMedium" time="8.671"/>
  <testcase classname="Amity.Online.Module1_FunctionalTesting" name="BachelorofArtsTeluguMedium" time="9.330"/>
  <testcase classname="Amity.Online.Module1_FunctionalTesting" name="BachelorofArtsHindiMedium" time="8.311"/>
  <testcase classname="Amity.Online.Module1_FunctionalTesting" name="BComwithSpecializationinInternationalFinanceandAccounting" time="8.518"/>
  <testcase classname="Amity.Online.Module1_FunctionalTesting" name="BachelorOfCommerceHonours" time="10.873"/>
</testsuite> <!-- Amity.Online.Module1_FunctionalTesting -->
