<?xml version="1.0" encoding="UTF-8"?>
<!-- Generated by org.testng.reporters.JUnitReportReporter -->
<testsuite hostname="Jatin-Mezash-LPT" failures="0" tests="30" name="Amity.Online.Module1_FunctionalTesting" time="214.833" errors="0" timestamp="2024-10-14T12:24:58 IST" skipped="0">
  <testcase classname="Amity.Online.Module1_FunctionalTesting" name="AmityLogo" time="5.286"/>
  <testcase classname="Amity.Online.Module1_FunctionalTesting" name="ProgramsHeaderButton" time="3.301"/>
  <testcase classname="Amity.Online.Module1_FunctionalTesting" name="CareerServicesHeaderButton" time="5.348"/>
  <testcase classname="Amity.Online.Module1_FunctionalTesting" name="AdvantagesHeaderButton" time="4.151"/>
  <testcase classname="Amity.Online.Module1_FunctionalTesting" name="SearchHeaderButton" time="3.126"/>
  <testcase classname="Amity.Online.Module1_FunctionalTesting" name="CallusHeaderButton" time="5.105"/>
  <testcase classname="Amity.Online.Module1_FunctionalTesting" name="StudentLoginHeaderButton" time="5.199"/>
  <testcase classname="Amity.Online.Module1_FunctionalTesting" name="EnrollNowHeaderButton" time="8.218"/>
  <testcase classname="Amity.Online.Module1_FunctionalTesting" name="ApplyNowHerocardButton" time="8.703"/>
  <testcase classname="Amity.Online.Module1_FunctionalTesting" name="Callusicon" time="9.549"/>
  <testcase classname="Amity.Online.Module1_FunctionalTesting" name="WhatsappIcon" time="6.575"/>
  <testcase classname="Amity.Online.Module1_FunctionalTesting" name="ViewAllButton" time="4.617"/>
  <testcase classname="Amity.Online.Module1_FunctionalTesting" name="RequestAcallButton" time="6.461"/>
  <testcase classname="Amity.Online.Module1_FunctionalTesting" name="ViewAllStayInformed" time="4.033"/>
  <testcase classname="Amity.Online.Module1_FunctionalTesting" name="ViewAllLatestBlog" time="4.290"/>
  <testcase classname="Amity.Online.Module1_FunctionalTesting" name="KnowMore" time="5.915"/>
  <testcase classname="Amity.Online.Module1_FunctionalTesting" name="ApplyNowButtonCTAs" time="8.069"/>
  <testcase classname="Amity.Online.Module1_FunctionalTesting" name="Aboutus" time="8.278"/>
  <testcase classname="Amity.Online.Module1_FunctionalTesting" name="CareerServices" time="7.985"/>
  <testcase classname="Amity.Online.Module1_FunctionalTesting" name="StudentStories" time="8.560"/>
  <testcase classname="Amity.Online.Module1_FunctionalTesting" name="Leadership" time="8.102"/>
  <testcase classname="Amity.Online.Module1_FunctionalTesting" name="Corporate" time="8.165"/>
  <testcase classname="Amity.Online.Module1_FunctionalTesting" name="Contactus" time="7.747"/>
  <testcase classname="Amity.Online.Module1_FunctionalTesting" name="TermsandConditions" time="8.249"/>
  <testcase classname="Amity.Online.Module1_FunctionalTesting" name="StudentSupport" time="10.826"/>
  <testcase classname="Amity.Online.Module1_FunctionalTesting" name="IntellectualProperty" time="12.194"/>
  <testcase classname="Amity.Online.Module1_FunctionalTesting" name="UGCApprovals" time="9.036"/>
  <testcase classname="Amity.Online.Module1_FunctionalTesting" name="Resource" time="9.769"/>
  <testcase classname="Amity.Online.Module1_FunctionalTesting" name="Blog" time="8.016"/>
  <testcase classname="Amity.Online.Module1_FunctionalTesting" name="Media" time="9.960"/>
</testsuite> <!-- Amity.Online.Module1_FunctionalTesting -->
