<?xml version="1.0" encoding="UTF-8"?>
<!-- Generated by org.testng.reporters.JUnitReportReporter -->
<testsuite hostname="Jatin-Mezash-LPT" failures="0" tests="4" name="Amity.Online.Module1_FunctionalTesting" time="20.877" errors="0" timestamp="2025-02-11T10:42:13 IST" skipped="0">
  <testcase classname="Amity.Online.Module1_FunctionalTesting" name="AmityLogo" time="3.581"/>
  <testcase classname="Amity.Online.Module1_FunctionalTesting" name="ProgramsHeaderButton" time="5.342"/>
  <testcase classname="Amity.Online.Module1_FunctionalTesting" name="CareerServicesHeaderButton" time="8.981"/>
  <testcase classname="Amity.Online.Module1_FunctionalTesting" name="AdvantagesHeaderButton" time="2.973"/>
</testsuite> <!-- Amity.Online.Module1_FunctionalTesting -->
